<?xml version="1.0" encoding="UTF-8"?>
<!-- Generated by org.testng.reporters.JUnitXMLReporter -->
<testsuite ignored="2" hostname="Vinays-MacBook-Air.local" failures="0" tests="0" time="0.003" errors="0" timestamp="2024-08-02T17:47:09 IST">
  <testcase classname="vinaySeleniumLearning.tests.SubmitOrdertest" name="submitOrder" time="0.0">
    <ignored/>
  </testcase> <!-- submitOrder -->
  <testcase classname="vinaySeleniumLearning.tests.SubmitOrdertest" name="OrderHistoryTest" time="0.0">
    <ignored/>
  </testcase> <!-- OrderHistoryTest -->
</testsuite>
