<?xml version="1.0" encoding="UTF-8"?>
<!-- Generated by org.testng.reporters.JUnitXMLReporter -->
<testsuite ignored="0" hostname="Vinays-MacBook-Air.local" failures="0" tests="2" name="Error Validation Test" time="8.852" errors="0" timestamp="2024-08-02T20:42:24 IST">
  <testcase classname="vinaySeleniumLearning.tests.ErrorValidationsTest" name="LoginErrorValidation" time="0.374"/>
  <testcase classname="vinaySeleniumLearning.tests.ErrorValidationsTest" name="productErrorValidation" time="2.13"/>
</testsuite> <!-- Error Validation Test -->
