<?xml version="1.0" encoding="UTF-8"?>
<!-- Generated by org.testng.reporters.JUnitXMLReporter -->
<testsuite ignored="0" hostname="Vinays-MacBook-Air.local" failures="0" tests="3" name="Submit Order Test" time="18.134" errors="0" timestamp="2024-08-02T20:42:28 IST">
  <testcase classname="vinaySeleniumLearning.tests.SubmitOrdertest" name="submitOrder" time="2.822"/>
  <testcase classname="vinaySeleniumLearning.tests.SubmitOrdertest" name="submitOrder" time="3.407"/>
  <testcase classname="vinaySeleniumLearning.tests.SubmitOrdertest" name="OrderHistoryTest" time="0.566"/>
</testsuite> <!-- Submit Order Test -->
