<?xml version="1.0" encoding="UTF-8"?>
<testsuite xmlns:xsi="http://www.w3.org/2001/XMLSchema-instance" xsi:noNamespaceSchemaLocation="https://maven.apache.org/surefire/maven-surefire-plugin/xsd/surefire-test-report.xsd" version="3.0.2" name="TestSuite" time="18.468" tests="5" errors="0" skipped="0" failures="0">
  <properties>
[...]
</properties>
  <testcase name="LoginErrorValidation" classname="vinaySeleniumLearning.tests.ErrorValidationsTest" time="0.374">
    <system-err><![CDATA[SLF4J: Failed to load class "org.slf4j.impl.StaticLoggerBinder".
SLF4J: Defaulting to no-operation (NOP) logger implementation
SLF4J: See http://www.slf4j.org/codes.html#StaticLoggerBinder for further details.
]]></system-err>
  </testcase>
  <testcase name="productErrorValidation" classname="vinaySeleniumLearning.tests.ErrorValidationsTest" time="2.129"/>
  <testcase name="submitOrder[{password=Vinay@rahul2024, email=vinay@rahulshettyacademy.com, productName=ZARA COAT 3}](1)" classname="vinaySeleniumLearning.tests.SubmitOrdertest" time="1.356"/>
  <testcase name="submitOrder[{password=Tester@123, email=vinay1@rahulshettyacademy.com, productName=ADIDAS ORIGINAL}](2)" classname="vinaySeleniumLearning.tests.SubmitOrdertest" time="3.449"/>
  <testcase name="OrderHistoryTest" classname="vinaySeleniumLearning.tests.SubmitOrdertest" time="0.565"/>
</testsuite>